<?xml version="1.0" encoding="UTF-8"?>
<!-- Generated by org.testng.reporters.JUnitReportReporter -->
<testsuite hostname="dfeeafdd43670ddccabcceedbdctwo-0" failures="0" tests="1" name="runner.Testcase2" time="14.048" errors="0" timestamp="2024-01-12T06:28:34 UTC" skipped="0">
  <testcase classname="runner.Testcase2" name="TC_002" time="14.048"/>
</testsuite> <!-- runner.Testcase2 -->
