<?xml version="1.0" encoding="UTF-8"?>
<!-- Generated by org.testng.reporters.JUnitReportReporter -->
<testsuite hostname="dfeeafdd43670ddccabcceedbdctwo-0" failures="0" tests="1" name="runner.Testcase2" time="15.164" errors="0" timestamp="2024-01-12T06:26:50 UTC" skipped="0">
  <testcase classname="runner.Testcase2" name="TC_002" time="15.164"/>
</testsuite> <!-- runner.Testcase2 -->
