<?xml version="1.0" encoding="UTF-8"?>
<!-- Generated by org.testng.reporters.JUnitReportReporter -->
<testsuite hostname="dfeeafdd43670ddccabcceedbdctwo-0" failures="0" tests="1" name="runner.Testcase3" time="12.290" errors="0" timestamp="2024-01-12T06:28:34 UTC" skipped="0">
  <testcase classname="runner.Testcase3" name="TC_003" time="12.290"/>
</testsuite> <!-- runner.Testcase3 -->
